<?xml version="1.0" encoding="UTF-8"?>
<!-- Generated by org.testng.reporters.JUnitReportReporter -->
<testsuite hostname="Bills-MacBook-Pro.local" failures="0" tests="1" name="testCases.AccountRegistrationTest" time="20.274" errors="0" timestamp="2024-09-21T15:53:58 PDT" skipped="0">
  <testcase classname="testCases.AccountRegistrationTest" name="validateAccountRegistration" time="20.274"/>
  <system-out/>
</testsuite> <!-- testCases.AccountRegistrationTest -->
