<?xml version="1.0" encoding="UTF-8"?>
<!-- Generated by org.testng.reporters.JUnitReportReporter -->
<testsuite hostname="Bills-MacBook-Pro.local" failures="0" tests="1" name="testCases.AccountRegistrationTest" time="4.126" errors="0" timestamp="2024-10-06T11:56:16 PDT" skipped="0">
  <testcase classname="testCases.AccountRegistrationTest" name="validateAccountRegistration" time="4.126"/>
  <system-out/>
</testsuite> <!-- testCases.AccountRegistrationTest -->
