<?xml version="1.0" encoding="UTF-8"?>
<!-- Generated by org.testng.reporters.JUnitReportReporter -->
<testsuite hostname="Bills-MacBook-Pro.local" failures="0" tests="1" name="testCases.LoginTest" time="2.771" errors="0" timestamp="2024-10-06T11:56:16 PDT" skipped="0">
  <testcase classname="testCases.LoginTest" name="validateLogin" time="2.771"/>
  <system-out/>
</testsuite> <!-- testCases.LoginTest -->
